Дата: 2022-11-07
Время: 22:04:57.298029
ID пользователя: 1043222450
Сообщение пользователя: /clear
Сообщение от бота: Файл с историей был очищен
Дата: 2022-11-07
Время: 22:04:59.950105
ID пользователя: 1043222450
Сообщение пользователя: /start
Сообщение от бота: Бот поприветствовал пользователя и предложил выбор
Дата: 2022-11-07
Время: 22:05:01.462587
ID пользователя: 1043222450
Сообщение пользователя: Рациональные
Сообщение от бота: Бот предложил пользователю выбрать действие
Дата: 2022-11-07
Время: 22:05:03.562064
ID пользователя: 1043222450
Сообщение пользователя: /
Сообщение от бота: Бот предложил пользователю ввести числа
Дата: 2022-11-07
Время: 22:05:08.225702
ID пользователя: 1043222450
Сообщение пользователя: 5,0
Сообщение от бота: Произошла ошибка.Бот предложил повторить ввод.
